<?xml version="1.0" encoding="UTF-8"?>
<testng-results skipped="0" failed="0" ignored="0" total="1" passed="1">
  <reporter-output>
  </reporter-output>
  <suite name="Default suite" duration-ms="14707" started-at="2020-04-16T11:00:08 BRT" finished-at="2020-04-16T11:00:23 BRT">
    <groups>
    </groups>
    <test name="Default test" duration-ms="14707" started-at="2020-04-16T11:00:08 BRT" finished-at="2020-04-16T11:00:23 BRT">
      <class name="FinanciarFailTest">
        <test-method status="PASS" signature="beforeMethod(java.lang.reflect.Method)[pri:0, instance:FinanciarFailTest@2df32bf7]" name="beforeMethod" is-config="true" duration-ms="8337" started-at="2020-04-16T11:00:08 BRT" finished-at="2020-04-16T11:00:17 BRT">
          <params>
            <param index="0">
              <value>
                <![CDATA[public void FinanciarFailTest.FinanciarSucess() throws java.io.IOException]]>
              </value>
            </param>
          </params>
          <reporter-output>
          </reporter-output>
        </test-method> <!-- beforeMethod -->
        <test-method status="PASS" signature="FinanciarSucess()[pri:0, instance:FinanciarFailTest@2df32bf7]" name="FinanciarSucess" duration-ms="1279" started-at="2020-04-16T11:00:17 BRT" finished-at="2020-04-16T11:00:18 BRT">
          <reporter-output>
          </reporter-output>
        </test-method> <!-- FinanciarSucess -->
        <test-method status="PASS" signature="afterMethod(org.testng.ITestResult)[pri:0, instance:FinanciarFailTest@2df32bf7]" name="afterMethod" is-config="true" duration-ms="5054" started-at="2020-04-16T11:00:18 BRT" finished-at="2020-04-16T11:00:23 BRT">
          <params>
            <param index="0">
              <value>
                <![CDATA[[TestResult name=FinanciarSucess status=SUCCESS method=FinanciarFailTest.FinanciarSucess()[pri:0, instance:FinanciarFailTest@2df32bf7] output={null}]]]>
              </value>
            </param>
          </params>
          <reporter-output>
          </reporter-output>
        </test-method> <!-- afterMethod -->
      </class> <!-- FinanciarFailTest -->
    </test> <!-- Default test -->
  </suite> <!-- Default suite -->
</testng-results>
